<?xml version="1.0" encoding="UTF-8"?>
<!-- Generated by org.testng.reporters.JUnitXMLReporter -->
<testsuite hostname="N-20L6PF15UWFS" ignored="0" name="SanityTest" tests="3" failures="0" timestamp="28 Nov 2018 06:09:37 GMT" time="624.387" errors="0">
  <testcase name="backupLicense" time="18.141" classname="com.seleniumwithjavascript.LicenseTest"/>
  <testcase name="deleteLicense" time="315.408" classname="com.seleniumwithjavascript.LicenseTest"/>
  <testcase name="addLicense" time="260.892" classname="com.seleniumwithjavascript.LicenseTest"/>
</testsuite> <!-- SanityTest -->
